{"C:\\Users\\kaio4\\OneDrive\\Documentos\\FIAP\\Código\\fiap-tech-challenge-04\\ms-pagamento\\src\\modules\\health\\health.module.ts": {"path":"C:\\Users\\kaio4\\OneDrive\\Documentos\\FIAP\\Código\\fiap-tech-challenge-04\\ms-pagamento\\src\\modules\\health\\health.module.ts","statementMap":{"0":{"start":{"line":1,"column":0},"end":{"line":1,"column":40}},"1":{"start":{"line":2,"column":0},"end":{"line":2,"column":66}},"2":{"start":{"line":7,"column":7},"end":{"line":7,"column":null}},"3":{"start":{"line":7,"column":13},"end":{"line":7,"column":25}},"4":{"start":{"line":7,"column":13},"end":{"line":7,"column":null}}},"fnMap":{},"branchMap":{},"s":{"0":1,"1":1,"2":1,"3":1,"4":1},"f":{},"b":{}}
,"C:\\Users\\kaio4\\OneDrive\\Documentos\\FIAP\\Código\\fiap-tech-challenge-04\\ms-pagamento\\src\\modules\\health\\controller\\health.controller.ts": {"path":"C:\\Users\\kaio4\\OneDrive\\Documentos\\FIAP\\Código\\fiap-tech-challenge-04\\ms-pagamento\\src\\modules\\health\\controller\\health.controller.ts","statementMap":{"0":{"start":{"line":1,"column":0},"end":{"line":1,"column":49}},"1":{"start":{"line":4,"column":7},"end":{"line":9,"column":null}},"2":{"start":{"line":7,"column":4},"end":{"line":7,"column":14}},"3":{"start":{"line":4,"column":13},"end":{"line":4,"column":29}},"4":{"start":{"line":6,"column":2},"end":{"line":8,"column":null}},"5":{"start":{"line":4,"column":13},"end":{"line":9,"column":null}}},"fnMap":{"0":{"name":"(anonymous_2)","decl":{"start":{"line":6,"column":2},"end":{"line":6,"column":13}},"loc":{"start":{"line":6,"column":13},"end":{"line":8,"column":3}}}},"branchMap":{},"s":{"0":1,"1":1,"2":1,"3":1,"4":1,"5":1},"f":{"0":1},"b":{}}
,"C:\\Users\\kaio4\\OneDrive\\Documentos\\FIAP\\Código\\fiap-tech-challenge-04\\ms-pagamento\\src\\modules\\payment\\payment.module.ts": {"path":"C:\\Users\\kaio4\\OneDrive\\Documentos\\FIAP\\Código\\fiap-tech-challenge-04\\ms-pagamento\\src\\modules\\payment\\payment.module.ts","statementMap":{"0":{"start":{"line":1,"column":0},"end":{"line":1,"column":40}},"1":{"start":{"line":2,"column":0},"end":{"line":2,"column":43}},"2":{"start":{"line":3,"column":0},"end":{"line":3,"column":68}},"3":{"start":{"line":4,"column":0},"end":{"line":4,"column":80}},"4":{"start":{"line":5,"column":0},"end":{"line":5,"column":61}},"5":{"start":{"line":6,"column":0},"end":{"line":6,"column":76}},"6":{"start":{"line":7,"column":0},"end":{"line":7,"column":40}},"7":{"start":{"line":8,"column":0},"end":{"line":8,"column":57}},"8":{"start":{"line":9,"column":0},"end":{"line":9,"column":57}},"9":{"start":{"line":10,"column":0},"end":{"line":10,"column":78}},"10":{"start":{"line":32,"column":7},"end":{"line":32,"column":null}},"11":{"start":{"line":32,"column":13},"end":{"line":32,"column":26}},"12":{"start":{"line":32,"column":13},"end":{"line":32,"column":null}}},"fnMap":{},"branchMap":{},"s":{"0":1,"1":1,"2":1,"3":1,"4":1,"5":1,"6":1,"7":1,"8":1,"9":1,"10":1,"11":1,"12":1},"f":{},"b":{}}
,"C:\\Users\\kaio4\\OneDrive\\Documentos\\FIAP\\Código\\fiap-tech-challenge-04\\ms-pagamento\\src\\modules\\payment\\controller\\payment.controller.ts": {"path":"C:\\Users\\kaio4\\OneDrive\\Documentos\\FIAP\\Código\\fiap-tech-challenge-04\\ms-pagamento\\src\\modules\\payment\\controller\\payment.controller.ts","statementMap":{"0":{"start":{"line":1,"column":0},"end":{"line":1,"column":64}},"1":{"start":{"line":2,"column":0},"end":{"line":2,"column":42}},"2":{"start":{"line":3,"column":0},"end":{"line":3,"column":74}},"3":{"start":{"line":4,"column":0},"end":{"line":4,"column":79}},"4":{"start":{"line":8,"column":7},"end":{"line":17,"column":null}},"5":{"start":{"line":10,"column":21},"end":{"line":10,"column":45}},"6":{"start":{"line":15,"column":4},"end":{"line":15,"column":65}},"7":{"start":{"line":8,"column":13},"end":{"line":8,"column":30}},"8":{"start":{"line":14,"column":2},"end":{"line":16,"column":null}},"9":{"start":{"line":8,"column":13},"end":{"line":17,"column":null}}},"fnMap":{"0":{"name":"(anonymous_4)","decl":{"start":{"line":9,"column":2},"end":{"line":9,"column":null}},"loc":{"start":{"line":10,"column":67},"end":{"line":11,"column":6}}},"1":{"name":"(anonymous_5)","decl":{"start":{"line":14,"column":2},"end":{"line":14,"column":17}},"loc":{"start":{"line":14,"column":66},"end":{"line":16,"column":3}}}},"branchMap":{},"s":{"0":2,"1":2,"2":2,"3":2,"4":2,"5":4,"6":2,"7":2,"8":2,"9":2},"f":{"0":4,"1":2},"b":{}}
,"C:\\Users\\kaio4\\OneDrive\\Documentos\\FIAP\\Código\\fiap-tech-challenge-04\\ms-pagamento\\src\\modules\\payment\\core\\payment-gateway.ts": {"path":"C:\\Users\\kaio4\\OneDrive\\Documentos\\FIAP\\Código\\fiap-tech-challenge-04\\ms-pagamento\\src\\modules\\payment\\core\\payment-gateway.ts","statementMap":{"0":{"start":{"line":1,"column":0},"end":{"line":1,"column":22}}},"fnMap":{},"branchMap":{},"s":{"0":3},"f":{},"b":{}}
,"C:\\Users\\kaio4\\OneDrive\\Documentos\\FIAP\\Código\\fiap-tech-challenge-04\\ms-pagamento\\src\\modules\\payment\\dtos\\payment-confirmation.dto.ts": {"path":"C:\\Users\\kaio4\\OneDrive\\Documentos\\FIAP\\Código\\fiap-tech-challenge-04\\ms-pagamento\\src\\modules\\payment\\dtos\\payment-confirmation.dto.ts","statementMap":{"0":{"start":{"line":1,"column":0},"end":{"line":1,"column":46}},"1":{"start":{"line":5,"column":2},"end":{"line":5,"column":null}},"2":{"start":{"line":8,"column":0},"end":{"line":8,"column":13}},"3":{"start":{"line":10,"column":2},"end":{"line":10,"column":null}},"4":{"start":{"line":9,"column":29},"end":{"line":9,"column":61}},"5":{"start":{"line":13,"column":2},"end":{"line":13,"column":null}}},"fnMap":{"0":{"name":"(anonymous_2)","decl":{"start":{"line":9,"column":23},"end":{"line":9,"column":26}},"loc":{"start":{"line":9,"column":29},"end":{"line":9,"column":61}}}},"branchMap":{},"s":{"0":2,"1":2,"2":2,"3":2,"4":0,"5":2},"f":{"0":0},"b":{}}
,"C:\\Users\\kaio4\\OneDrive\\Documentos\\FIAP\\Código\\fiap-tech-challenge-04\\ms-pagamento\\src\\modules\\payment\\infra\\payment-gateway.ts": {"path":"C:\\Users\\kaio4\\OneDrive\\Documentos\\FIAP\\Código\\fiap-tech-challenge-04\\ms-pagamento\\src\\modules\\payment\\infra\\payment-gateway.ts","statementMap":{"0":{"start":{"line":1,"column":0},"end":{"line":1,"column":44}},"1":{"start":{"line":3,"column":0},"end":{"line":3,"column":47}},"2":{"start":{"line":6,"column":7},"end":{"line":24,"column":null}},"3":{"start":{"line":7,"column":22},"end":{"line":7,"column":37}},"4":{"start":{"line":10,"column":16},"end":{"line":10,"column":65}},"5":{"start":{"line":12,"column":17},"end":{"line":16,"column":6}},"6":{"start":{"line":18,"column":21},"end":{"line":22,"column":6}},"7":{"start":{"line":6,"column":13},"end":{"line":6,"column":27}},"8":{"start":{"line":6,"column":13},"end":{"line":24,"column":null}}},"fnMap":{"0":{"name":"(anonymous_2)","decl":{"start":{"line":7,"column":2},"end":{"line":7,"column":22}},"loc":{"start":{"line":7,"column":50},"end":{"line":7,"column":54}}},"1":{"name":"(anonymous_3)","decl":{"start":{"line":9,"column":2},"end":{"line":9,"column":7}},"loc":{"start":{"line":9,"column":30},"end":{"line":23,"column":3}}}},"branchMap":{},"s":{"0":2,"1":2,"2":2,"3":3,"4":1,"5":1,"6":1,"7":2,"8":2},"f":{"0":3,"1":1},"b":{}}
,"C:\\Users\\kaio4\\OneDrive\\Documentos\\FIAP\\Código\\fiap-tech-challenge-04\\ms-pagamento\\src\\modules\\payment\\use-cases\\initiate-payment.usecase.ts": {"path":"C:\\Users\\kaio4\\OneDrive\\Documentos\\FIAP\\Código\\fiap-tech-challenge-04\\ms-pagamento\\src\\modules\\payment\\use-cases\\initiate-payment.usecase.ts","statementMap":{"0":{"start":{"line":1,"column":0},"end":{"line":1,"column":52}},"1":{"start":{"line":2,"column":0},"end":{"line":2,"column":58}},"2":{"start":{"line":4,"column":0},"end":{"line":4,"column":84}},"3":{"start":{"line":7,"column":7},"end":{"line":27,"column":null}},"4":{"start":{"line":10,"column":21},"end":{"line":10,"column":37}},"5":{"start":{"line":12,"column":21},"end":{"line":12,"column":56}},"6":{"start":{"line":16,"column":20},"end":{"line":16,"column":55}},"7":{"start":{"line":18,"column":4},"end":{"line":23,"column":5}},"8":{"start":{"line":19,"column":6},"end":{"line":22,"column":9}},"9":{"start":{"line":25,"column":4},"end":{"line":25,"column":47}},"10":{"start":{"line":7,"column":13},"end":{"line":7,"column":35}},"11":{"start":{"line":7,"column":13},"end":{"line":27,"column":null}}},"fnMap":{"0":{"name":"(anonymous_4)","decl":{"start":{"line":8,"column":2},"end":{"line":8,"column":null}},"loc":{"start":{"line":12,"column":56},"end":{"line":13,"column":6}}},"1":{"name":"(anonymous_5)","decl":{"start":{"line":15,"column":2},"end":{"line":15,"column":7}},"loc":{"start":{"line":15,"column":55},"end":{"line":26,"column":3}}}},"branchMap":{"0":{"loc":{"start":{"line":18,"column":4},"end":{"line":23,"column":5}},"type":"if","locations":[{"start":{"line":18,"column":4},"end":{"line":23,"column":5}}]}},"s":{"0":3,"1":3,"2":3,"3":3,"4":4,"5":4,"6":2,"7":2,"8":1,"9":1,"10":3,"11":3},"f":{"0":4,"1":2},"b":{"0":[1]}}
,"C:\\Users\\kaio4\\OneDrive\\Documentos\\FIAP\\Código\\fiap-tech-challenge-04\\ms-pagamento\\src\\shared\\exceptions\\exceptions.interface.ts": {"path":"C:\\Users\\kaio4\\OneDrive\\Documentos\\FIAP\\Código\\fiap-tech-challenge-04\\ms-pagamento\\src\\shared\\exceptions\\exceptions.interface.ts","statementMap":{"0":{"start":{"line":13,"column":13},"end":{"line":13,"column":61}}},"fnMap":{},"branchMap":{},"s":{"0":3},"f":{},"b":{}}
,"C:\\Users\\kaio4\\OneDrive\\Documentos\\FIAP\\Código\\fiap-tech-challenge-04\\ms-pagamento\\src\\shared\\infra\\exceptions\\exceptions.service.ts": {"path":"C:\\Users\\kaio4\\OneDrive\\Documentos\\FIAP\\Código\\fiap-tech-challenge-04\\ms-pagamento\\src\\shared\\infra\\exceptions\\exceptions.service.ts","statementMap":{"0":{"start":{"line":1,"column":0},"end":{"line":1,"column":null}},"1":{"start":{"line":14,"column":7},"end":{"line":27,"column":null}},"2":{"start":{"line":16,"column":4},"end":{"line":16,"column":39}},"3":{"start":{"line":19,"column":4},"end":{"line":19,"column":38}},"4":{"start":{"line":22,"column":4},"end":{"line":22,"column":49}},"5":{"start":{"line":25,"column":4},"end":{"line":25,"column":43}},"6":{"start":{"line":14,"column":13},"end":{"line":14,"column":30}},"7":{"start":{"line":14,"column":13},"end":{"line":27,"column":null}}},"fnMap":{"0":{"name":"(anonymous_1)","decl":{"start":{"line":15,"column":2},"end":{"line":15,"column":20}},"loc":{"start":{"line":15,"column":42},"end":{"line":17,"column":3}}},"1":{"name":"(anonymous_2)","decl":{"start":{"line":18,"column":2},"end":{"line":18,"column":19}},"loc":{"start":{"line":18,"column":41},"end":{"line":20,"column":3}}},"2":{"name":"(anonymous_3)","decl":{"start":{"line":21,"column":2},"end":{"line":21,"column":30}},"loc":{"start":{"line":21,"column":52},"end":{"line":23,"column":3}}},"3":{"name":"(anonymous_4)","decl":{"start":{"line":24,"column":2},"end":{"line":24,"column":21}},"loc":{"start":{"line":24,"column":45},"end":{"line":26,"column":3}}}},"branchMap":{},"s":{"0":2,"1":2,"2":1,"3":1,"4":1,"5":1,"6":2,"7":2},"f":{"0":1,"1":1,"2":1,"3":1},"b":{}}
}
